<?xml version="1.0" encoding="UTF-8"?>
<testng-results ignored="0" total="1" passed="1" failed="0" skipped="0">
  <reporter-output>
  </reporter-output>
  <suite started-at="2022-12-24T16:40:08 IST" name="Default suite" finished-at="2022-12-24T16:40:54 IST" duration-ms="45583">
    <groups>
    </groups>
    <test started-at="2022-12-24T16:40:08 IST" name="Default test" finished-at="2022-12-24T16:40:54 IST" duration-ms="45583">
      <class name="Scenarios_Test.Scenario_5_Test">
        <test-method is-config="true" signature="OpenBrowsere()[pri:0, instance:Scenarios_Test.Scenario_5_Test@222545dc]" started-at="2022-12-24T16:40:08 IST" name="OpenBrowsere" finished-at="2022-12-24T16:40:22 IST" duration-ms="14170" status="PASS">
          <reporter-output>
          </reporter-output>
        </test-method> <!-- OpenBrowsere -->
        <test-method signature="S5()[pri:0, instance:Scenarios_Test.Scenario_5_Test@222545dc]" started-at="2022-12-24T16:40:22 IST" name="S5" finished-at="2022-12-24T16:40:53 IST" duration-ms="30915" status="PASS">
          <reporter-output>
          </reporter-output>
        </test-method> <!-- S5 -->
        <test-method is-config="true" signature="CloseBrowser()[pri:0, instance:Scenarios_Test.Scenario_5_Test@222545dc]" started-at="2022-12-24T16:40:53 IST" name="CloseBrowser" finished-at="2022-12-24T16:40:54 IST" duration-ms="422" status="PASS">
          <reporter-output>
          </reporter-output>
        </test-method> <!-- CloseBrowser -->
      </class> <!-- Scenarios_Test.Scenario_5_Test -->
    </test> <!-- Default test -->
  </suite> <!-- Default suite -->
</testng-results>
